     4>D:\projects\misis2023f-23-check\misis2024s-23-03-kartaeva-a-d\prj.check\prj.check\doctest_bitset\doctest_bitset.cpp(3,10): error C1083: Cannot open include file: 'bitset/bitset.hpp': No such file or directory [D:\projects\misis2023f-23-check\misis2024s-23-03-kartaeva-a-d\build.check\prj.check\prj.check\doctest_bitset\doctest_bitset.vcxproj]
     5>D:\projects\misis2023f-23-check\misis2024s-23-03-kartaeva-a-d\prj.check\prj.check\doctest_bitset\doctest_bitset_moveable.cpp(3,10): error C1083: Cannot open include file: 'bitset/bitset.hpp': No such file or directory [D:\projects\misis2023f-23-check\misis2024s-23-03-kartaeva-a-d\build.check\prj.check\prj.check\doctest_bitset\doctest_bitset_m.vcxproj]
    11>D:\projects\misis2023f-23-check\misis2024s-23-03-kartaeva-a-d\prj.check\prj.check\doctest_queuelst\doctest_queuelst_moveable.cpp(3,10): error C1083: Cannot open include file: 'queuelst/queuelst.hpp': No such file or directory [D:\projects\misis2023f-23-check\misis2024s-23-03-kartaeva-a-d\build.check\prj.check\prj.check\doctest_queuelst\doctest_queuelst_m.vcxproj]
    10>D:\projects\misis2023f-23-check\misis2024s-23-03-kartaeva-a-d\prj.check\prj.check\doctest_queuelst\doctest_queuelst.cpp(3,10): error C1083: Cannot open include file: 'queuelst/queuelst.hpp': No such file or directory [D:\projects\misis2023f-23-check\misis2024s-23-03-kartaeva-a-d\build.check\prj.check\prj.check\doctest_queuelst\doctest_queuelst.vcxproj]
    14>D:\projects\misis2023f-23-check\misis2024s-23-03-kartaeva-a-d\prj.check\prj.check\doctest_queuelstpr\doctest_queuelstpr_moveable.cpp(3,10): error C1083: Cannot open include file: 'queuelstpr/queuelstpr.hpp': No such file or directory [D:\projects\misis2023f-23-check\misis2024s-23-03-kartaeva-a-d\build.check\prj.check\prj.check\doctest_queuelstpr\doctest_queuelstpr_m.vcxproj]
     8>D:\projects\misis2023f-23-check\misis2024s-23-03-kartaeva-a-d\prj.check\prj.check\doctest_queuearr\doctest_queuearr_moveable.cpp(3,10): error C1083: Cannot open include file: 'queuearr/queuearr.hpp': No such file or directory [D:\projects\misis2023f-23-check\misis2024s-23-03-kartaeva-a-d\build.check\prj.check\prj.check\doctest_queuearr\doctest_queuearr_m.vcxproj]
    15>D:\projects\misis2023f-23-check\misis2024s-23-03-kartaeva-a-d\prj.check\prj.check\doctest_dynarr\doctest_dynarr.cpp(3,10): error C1083: Cannot open include file: 'dynarr/dynarr.hpp': No such file or directory [D:\projects\misis2023f-23-check\misis2024s-23-03-kartaeva-a-d\build.check\prj.check\prj.check\doctest_dynarr\doctest_dynarr.vcxproj]
    12>D:\projects\misis2023f-23-check\misis2024s-23-03-kartaeva-a-d\prj.check\prj.check\doctest_dynarr\doctest_dynarr_moveable.cpp(3,10): error C1083: Cannot open include file: 'dynarr/dynarr.hpp': No such file or directory [D:\projects\misis2023f-23-check\misis2024s-23-03-kartaeva-a-d\build.check\prj.check\prj.check\doctest_dynarr\doctest_dynarr_m.vcxproj]
     9>D:\projects\misis2023f-23-check\misis2024s-23-03-kartaeva-a-d\prj.check\prj.check\doctest_queuelstpr\doctest_queuelstpr.cpp(3,10): error C1083: Cannot open include file: 'queuelstpr/queuelstpr.hpp': No such file or directory [D:\projects\misis2023f-23-check\misis2024s-23-03-kartaeva-a-d\build.check\prj.check\prj.check\doctest_queuelstpr\doctest_queuelstpr.vcxproj]
    17>D:\projects\misis2023f-23-check\misis2024s-23-03-kartaeva-a-d\prj.check\prj.check\doctest_queuearr\doctest_queuearr.cpp(3,10): error C1083: Cannot open include file: 'queuearr/queuearr.hpp': No such file or directory [D:\projects\misis2023f-23-check\misis2024s-23-03-kartaeva-a-d\build.check\prj.check\prj.check\doctest_queuearr\doctest_queuearr.vcxproj]
    24>D:\projects\misis2023f-23-check\misis2024s-23-03-kartaeva-a-d\prj.check\prj.check\doctest_stacklst\doctest_stacklst_moveable.cpp(3,10): error C1083: Cannot open include file: 'stacklst/stacklst.hpp': No such file or directory [D:\projects\misis2023f-23-check\misis2024s-23-03-kartaeva-a-d\build.check\prj.check\prj.check\doctest_stacklst\doctest_stacklst_m.vcxproj]
    27>D:\projects\misis2023f-23-check\misis2024s-23-03-kartaeva-a-d\prj.lab\stackarr\stackarr.cpp(1,10): error C1083: Cannot open include file: 'StackLst.hpp': No such file or directory [D:\projects\misis2023f-23-check\misis2024s-23-03-kartaeva-a-d\build.check\prj.lab\stackarr\stackarr.vcxproj]
    23>D:\projects\misis2023f-23-check\misis2024s-23-03-kartaeva-a-d\prj.check\prj.check\doctest_stacklst\doctest_stacklst.cpp(3,10): error C1083: Cannot open include file: 'stacklst/stacklst.hpp': No such file or directory [D:\projects\misis2023f-23-check\misis2024s-23-03-kartaeva-a-d\build.check\prj.check\prj.check\doctest_stacklst\doctest_stacklst.vcxproj]
    26>D:\projects\misis2023f-23-check\misis2024s-23-03-kartaeva-a-d\prj.test\test_rational.cpp(2,10): error C1083: Cannot open include file: 'doctest.h': No such file or directory [D:\projects\misis2023f-23-check\misis2024s-23-03-kartaeva-a-d\build.check\prj.test\test_rational.vcxproj]
    13>D:\projects\misis2023f-23-check\misis2024s-23-03-kartaeva-a-d\prj.check\prj.check\doctest_complex\doctest_complex.cpp(106,3): error C2679: binary '*': no operator found which takes a right-hand operand of type 'int' (or there is no acceptable conversion) [D:\projects\misis2023f-23-check\misis2024s-23-03-kartaeva-a-d\build.check\prj.check\prj.check\doctest_complex\doctest_complex.vcxproj]
    13>D:\projects\misis2023f-23-check\misis2024s-23-03-kartaeva-a-d\prj.check\prj.check\doctest_complex\doctest_complex.cpp(119,3): error C2679: binary '/': no operator found which takes a right-hand operand of type 'int' (or there is no acceptable conversion) [D:\projects\misis2023f-23-check\misis2024s-23-03-kartaeva-a-d\build.check\prj.check\prj.check\doctest_complex\doctest_complex.vcxproj]
    25>test_complex.obj : error LNK2019: unresolved external symbol "struct Complex __cdecl operator+(struct Complex const &,struct Complex const &)" (??H@YA?AUComplex@@AEBU0@0@Z) referenced in function "void __cdecl test_sum(int)" (?test_sum@@YAXH@Z) [D:\projects\misis2023f-23-check\misis2024s-23-03-kartaeva-a-d\build.check\prj.test\test_complex.vcxproj]
    25>test_complex.obj : error LNK2019: unresolved external symbol "struct Complex __cdecl operator+(struct Complex const &,double)" (??H@YA?AUComplex@@AEBU0@N@Z) referenced in function "void __cdecl test_sum(int)" (?test_sum@@YAXH@Z) [D:\projects\misis2023f-23-check\misis2024s-23-03-kartaeva-a-d\build.check\prj.test\test_complex.vcxproj]
    25>test_complex.obj : error LNK2019: unresolved external symbol "struct Complex __cdecl operator-(struct Complex const &,struct Complex const &)" (??G@YA?AUComplex@@AEBU0@0@Z) referenced in function "void __cdecl test_diff(int)" (?test_diff@@YAXH@Z) [D:\projects\misis2023f-23-check\misis2024s-23-03-kartaeva-a-d\build.check\prj.test\test_complex.vcxproj]
    25>test_complex.obj : error LNK2019: unresolved external symbol "struct Complex __cdecl operator-(struct Complex const &,double)" (??G@YA?AUComplex@@AEBU0@N@Z) referenced in function "void __cdecl test_diff(int)" (?test_diff@@YAXH@Z) [D:\projects\misis2023f-23-check\misis2024s-23-03-kartaeva-a-d\build.check\prj.test\test_complex.vcxproj]
    25>test_complex.obj : error LNK2019: unresolved external symbol "struct Complex __cdecl operator*(struct Complex const &,struct Complex const &)" (??D@YA?AUComplex@@AEBU0@0@Z) referenced in function "void __cdecl test_mult(int)" (?test_mult@@YAXH@Z) [D:\projects\misis2023f-23-check\misis2024s-23-03-kartaeva-a-d\build.check\prj.test\test_complex.vcxproj]
    25>test_complex.obj : error LNK2019: unresolved external symbol "struct Complex __cdecl operator*(struct Complex &,double)" (??D@YA?AUComplex@@AEAU0@N@Z) referenced in function "void __cdecl test_mult(int)" (?test_mult@@YAXH@Z) [D:\projects\misis2023f-23-check\misis2024s-23-03-kartaeva-a-d\build.check\prj.test\test_complex.vcxproj]
    25>test_complex.obj : error LNK2019: unresolved external symbol "struct Complex __cdecl operator/(struct Complex const &,struct Complex const &)" (??K@YA?AUComplex@@AEBU0@0@Z) referenced in function "void __cdecl test_div(int)" (?test_div@@YAXH@Z) [D:\projects\misis2023f-23-check\misis2024s-23-03-kartaeva-a-d\build.check\prj.test\test_complex.vcxproj]
    25>test_complex.obj : error LNK2019: unresolved external symbol "struct Complex __cdecl operator/(struct Complex &,double)" (??K@YA?AUComplex@@AEAU0@N@Z) referenced in function "void __cdecl test_div(int)" (?test_div@@YAXH@Z) [D:\projects\misis2023f-23-check\misis2024s-23-03-kartaeva-a-d\build.check\prj.test\test_complex.vcxproj]
    25>D:\projects\misis2023f-23-check\misis2024s-23-03-kartaeva-a-d\bin.rel\test_complex.exe : fatal error LNK1120: 8 unresolved externals [D:\projects\misis2023f-23-check\misis2024s-23-03-kartaeva-a-d\build.check\prj.test\test_complex.vcxproj]
